<?xml version="1.0" encoding="UTF-8"?>
<!-- Generated by org.testng.reporters.JUnitXMLReporter -->
<testsuite hostname="Yemi-PC" ignored="0" name="Command line test" tests="2" failures="0" timestamp="2021-07-11T22:32:49 EDT" time="25.528" errors="0">
  <testcase name="runScenario" time="11.914" classname="io.cucumber.testng.AbstractTestNGCucumberTests"/>
  <testcase name="runScenario" time="12.783" classname="io.cucumber.testng.AbstractTestNGCucumberTests"/>
</testsuite> <!-- Command line test -->
