<?xml version="1.0" encoding="UTF-8"?>
<testng-results skipped="0" failed="0" ignored="0" total="1" passed="1">
  <reporter-output>
  </reporter-output>
  <suite name="com.example.TestRunner" duration-ms="14189" started-at="2021-07-11T13:27:09 EDT" finished-at="2021-07-11T13:27:23 EDT">
    <groups>
      <group name="cucumber">
        <method signature="AbstractTestNGCucumberTests.runScenario(io.cucumber.testng.PickleWrapper, io.cucumber.testng.FeatureWrapper)[pri:0, instance:com.example.TestRunner@71318ec4]" name="runScenario" class="io.cucumber.testng.AbstractTestNGCucumberTests"/>
      </group> <!-- cucumber -->
    </groups>
    <test name="Command line test" duration-ms="14189" started-at="2021-07-11T13:27:09 EDT" finished-at="2021-07-11T13:27:23 EDT">
      <class name="com.example.TestRunner">
        <test-method status="PASS" signature="setUpClass()[pri:0, instance:com.example.TestRunner@71318ec4]" name="setUpClass" is-config="true" duration-ms="805" started-at="2021-07-11T13:27:09 EDT" finished-at="2021-07-11T13:27:10 EDT">
          <reporter-output>
          </reporter-output>
        </test-method> <!-- setUpClass -->
        <test-method status="PASS" signature="runScenario(io.cucumber.testng.PickleWrapper, io.cucumber.testng.FeatureWrapper)[pri:0, instance:com.example.TestRunner@71318ec4]" name="runScenario" duration-ms="13084" started-at="2021-07-11T13:27:10 EDT" description="Runs Cucumber Scenarios" data-provider="scenarios" finished-at="2021-07-11T13:27:23 EDT">
          <params>
            <param index="0">
              <value>
                <![CDATA["Open google page"]]>
              </value>
            </param>
            <param index="1">
              <value>
                <![CDATA["Optional[Google test]"]]>
              </value>
            </param>
          </params>
          <reporter-output>
          </reporter-output>
        </test-method> <!-- runScenario -->
        <test-method status="PASS" signature="tearDownClass()[pri:0, instance:com.example.TestRunner@71318ec4]" name="tearDownClass" is-config="true" duration-ms="235" started-at="2021-07-11T13:27:23 EDT" finished-at="2021-07-11T13:27:23 EDT">
          <reporter-output>
          </reporter-output>
        </test-method> <!-- tearDownClass -->
      </class> <!-- com.example.TestRunner -->
    </test> <!-- Command line test -->
  </suite> <!-- com.example.TestRunner -->
</testng-results>
